Framework ...
INFO: Using seed= 1552473179
INFO: Loaded module: Module1
INFO: Loaded module: Module2
INFO: Loaded module: Module3
INFO: Loaded module: Module4
INFO: Loaded module: Module5
event #1
Module1_364579258_1158682823
Module2_2030726582_3054290179
Module3_545753395_433579777
Module4_744907049_4188104544
Module5_2323111984_2238675397

event #2
Module1_3265051095_1827060397
Module2_3981144237_1760431097
Module3_3705824955_2163840084
Module4_751090433_3507468038
Module5_1347344961_2336911388

event #3
Module1_4145463185_2534272162
Module2_1945116324_2648473174
Module3_2342403134_3718676306
Module4_1612533769_3118826431
Module5_1103524841_245068733

event #4
Module1_817881724_340722406
Module2_2057993831_3874025519
Module3_2752140394_3162201115
Module4_4094195169_2852758841
Module5_1353220648_4240599752

event #5
Module1_1866646186_2128737210
Module2_4174855730_648020378
Module3_1657149531_4259417411
Module4_3675701561_4284334121
Module5_1889984671_45687555

event #6
Module1_2502418916_4253066528
Module2_2800894835_2446491194
Module3_641795892_3390415975
Module4_2811464552_1887735630
Module5_932867217_3074694263

event #7
Module1_798750797_112308458
Module2_1930798537_2562075292
Module3_1245141398_1469090737
Module4_2618005129_3037754758
Module5_1121596182_1284664902

event #8
Module1_3543393318_1380956039
Module2_4048980980_3885728424
Module3_3310909272_1436174121
Module4_326543212_2179191885
Module5_1571829867_691545806

event #9
Module1_375376880_3604096588
Module2_3777467924_3382941076
Module3_2332912150_1907185435
Module4_759775434_2235921420
Module5_4219254426_325713178

event #10
Module1_1518691055_1656259173
Module2_2800609489_4154419420
Module3_4032636880_1452818540
Module4_775944248_1441291378
Module5_3597394763_4224367026

Terminating ...
