Framework ...
INFO: Using seed= 123456789
INFO: Loaded module: Module1
INFO: Loaded module: Module2
INFO: Loaded module: Module3
INFO: Loaded module: Module4
INFO: Loaded module: Module5
event #1
Module1_3458046019_1954785923
Module2_124816750_1848571062
Module3_3166402054_33314601
Module4_4262869434_2855600724
Module5_3107913054_292047851

event #2
Module1_3876785823_188063904
Module2_3882878923_2519425361
Module3_3021471439_1957395273
Module4_3529974990_1027894973
Module5_3090373237_2242105043

event #3
Module1_263283868_2114310932
Module2_171248273_1819200963
Module3_1168034582_3046890626
Module4_2422005750_2528565724
Module5_3338134279_1224234360

event #4
Module1_3181620645_2277836135
Module2_2700425247_2057724616
Module3_1487291923_3017880639
Module4_2331055814_134455837
Module5_2326131572_574577798

event #5
Module1_133946547_510252725
Module2_1996302334_23583824
Module3_374246276_2479144099
Module4_1786018634_2942925431
Module5_2889399998_1932358797

event #6
Module1_1552983913_4160883294
Module2_88314230_737006952
Module3_1505411378_3081794309
Module4_2412772568_3727462700
Module5_578559958_1272702259

event #7
Module1_583462850_1099286033
Module2_3202384717_3603422670
Module3_2266043456_1828961028
Module4_659030622_2057898323
Module5_1286530883_977436727

event #8
Module1_38064955_3137190934
Module2_1268519641_2905871459
Module3_103597424_2213614499
Module4_3643148646_3801322021
Module5_834297473_1044762636

event #9
Module1_2878428904_2652597566
Module2_749995486_395796416
Module3_1264953709_565853640
Module4_3237576252_30250149
Module5_4282761095_3378607561

event #10
Module1_2479362398_3371980664
Module2_388172215_355831592
Module3_4232896783_3556182108
Module4_3795782651_1635809891
Module5_3981425450_1077423882

Terminating ...
